[debug] [2022-08-21T17:55:46.942Z] ----------------------------------------------------------------------
[debug] [2022-08-21T17:55:46.943Z] Command:       /usr/bin/node /usr/bin/firebase serve
[debug] [2022-08-21T17:55:46.944Z] CLI Version:   11.7.0
[debug] [2022-08-21T17:55:46.944Z] Platform:      linux
[debug] [2022-08-21T17:55:46.944Z] Node Version:  v18.7.0
[debug] [2022-08-21T17:55:46.944Z] Time:          Sun Aug 21 2022 19:55:46 GMT+0200 (за центральноєвропейським літнім часом)
[debug] [2022-08-21T17:55:46.944Z] ----------------------------------------------------------------------
[debug] 
[debug] [2022-08-21T17:55:46.995Z] > command requires scopes: ["email","openid","https://www.googleapis.com/auth/cloudplatformprojects.readonly","https://www.googleapis.com/auth/firebase","https://www.googleapis.com/auth/cloud-platform"]
[debug] [2022-08-21T17:55:46.995Z] > authorizing via signed-in user (danil.kohtoff@gmail.com)
[debug] [2022-08-21T17:55:46.995Z] [iam] checking project reenbit-chat-2aea7 for permissions ["firebase.projects.get"]
[debug] [2022-08-21T17:55:46.997Z] > refreshing access token with scopes: []
[debug] [2022-08-21T17:55:46.999Z] >>> [apiv2][query] POST https://www.googleapis.com/oauth2/v3/token [none]
[debug] [2022-08-21T17:55:46.999Z] >>> [apiv2][body] POST https://www.googleapis.com/oauth2/v3/token [omitted]
[debug] [2022-08-21T17:55:47.048Z] [iam] error while checking permissions, command may fail: FirebaseError: Authentication Error: Your credentials are no longer valid. Please run firebase login --reauth

For CI servers and headless environments, generate a new token with firebase login:ci
[debug] [2022-08-21T17:55:47.049Z] > refreshing access token with scopes: []
[debug] [2022-08-21T17:55:47.049Z] >>> [apiv2][query] POST https://www.googleapis.com/oauth2/v3/token [none]
[debug] [2022-08-21T17:55:47.049Z] >>> [apiv2][body] POST https://www.googleapis.com/oauth2/v3/token [omitted]
[debug] [2022-08-21T17:55:47.086Z] Authentication Error: Your credentials are no longer valid. Please run firebase login --reauth

For CI servers and headless environments, generate a new token with firebase login:ci
[debug] [2022-08-21T17:55:47.090Z] FirebaseError: Authentication Error: Your credentials are no longer valid. Please run firebase login --reauth

For CI servers and headless environments, generate a new token with firebase login:ci
    at invalidCredentialError (/usr/lib/node_modules/firebase-tools/lib/auth.js:144:12)
    at refreshTokens (/usr/lib/node_modules/firebase-tools/lib/auth.js:508:15)
    at process.processTicksAndRejections (node:internal/process/task_queues:95:5)
    at async Client.getAccessToken (/usr/lib/node_modules/firebase-tools/lib/apiv2.js:149:23)
    at async Client.addAuthHeader (/usr/lib/node_modules/firebase-tools/lib/apiv2.js:140:21)
    at async Client.request (/usr/lib/node_modules/firebase-tools/lib/apiv2.js:96:34)
    at async getFirebaseProject (/usr/lib/node_modules/firebase-tools/lib/management/projects.js:295:21)
    at async needProjectNumber (/usr/lib/node_modules/firebase-tools/lib/projectUtils.js:46:22)
    at async /usr/lib/node_modules/firebase-tools/lib/command.js:214:17
[error] 
[error] Error: Failed to get Firebase project reenbit-chat-2aea7. Please make sure the project exists and your account has permission to access it.
